<?xml version="1.0" encoding="UTF-8"?>
<testsuite xmlns:xsi="http://www.w3.org/2001/XMLSchema-instance" xsi:schemaLocation="https://maven.apache.org/surefire/maven-surefire-plugin/xsd/surefire-test-report.xsd" name="InjectedTest" time="88.676" tests="8" errors="0" skipped="0" failures="0">
  <properties>
    <property name="java.runtime.name" value="Java(TM) SE Runtime Environment"/>
    <property name="sun.boot.library.path" value="C:\Projects\EPWF\java\jdk1.8.0_60\jre\bin"/>
    <property name="java.vm.version" value="25.60-b23"/>
    <property name="java.vm.vendor" value="Oracle Corporation"/>
    <property name="maven.multiModuleProjectDirectory" value="C:\Bharath_Workspaces\Jenkins_Plugin\workspaces\ContinuousDelivery"/>
    <property name="java.vendor.url" value="http://java.oracle.com/"/>
    <property name="path.separator" value=";"/>
    <property name="guice.disable.misplaced.annotation.check" value="true"/>
    <property name="java.vm.name" value="Java HotSpot(TM) 64-Bit Server VM"/>
    <property name="file.encoding.pkg" value="sun.io"/>
    <property name="user.script" value=""/>
    <property name="user.country" value="US"/>
    <property name="sun.java.launcher" value="SUN_STANDARD"/>
    <property name="sun.os.patch.level" value=""/>
    <property name="java.vm.specification.name" value="Java Virtual Machine Specification"/>
    <property name="user.dir" value="C:\Bharath_Workspaces\Jenkins_Plugin\workspaces\ContinuousDelivery"/>
    <property name="java.runtime.version" value="1.8.0_60-b27"/>
    <property name="java.awt.graphicsenv" value="sun.awt.Win32GraphicsEnvironment"/>
    <property name="java.endorsed.dirs" value="C:\Projects\EPWF\java\jdk1.8.0_60\jre\lib\endorsed"/>
    <property name="os.arch" value="amd64"/>
    <property name="java.io.tmpdir" value="C:\Windows\Temp\"/>
    <property name="line.separator" value="&#10;"/>
    <property name="java.vm.specification.vendor" value="Oracle Corporation"/>
    <property name="user.variant" value=""/>
    <property name="os.name" value="Windows 10"/>
    <property name="classworlds.conf" value="C:\Bharath_Workspaces\Jenkins_Plugin\workspaces\.metadata\.plugins\org.eclipse.m2e.launching\launches\m2conf2398590506387846297.tmp"/>
    <property name="sun.jnu.encoding" value="Cp1252"/>
    <property name="java.library.path" value="C:\Projects\EPWF\java\jdk1.8.0_60\bin;C:\WINDOWS\Sun\Java\bin;C:\WINDOWS\system32;C:\WINDOWS;C:/Bharath_Softwares/Jdk1.8/Jre1.8_Installation/bin/server;C:/Bharath_Softwares/Jdk1.8/Jre1.8_Installation/bin;C:/Bharath_Softwares/Jdk1.8/Jre1.8_Installation/lib/amd64;C:\Program Files (x86)\Common Files\Oracle\Java\javapath;C:\Program Files (x86)\Intel\iCLS Client\;C:\Program Files\Intel\iCLS Client\;C:\WINDOWS\system32;C:\WINDOWS;C:\WINDOWS\System32\Wbem;C:\WINDOWS\System32\WindowsPowerShell\v1.0\;C:\Program Files\Intel\Intel(R) Management Engine Components\DAL;C:\Program Files\Intel\Intel(R) Management Engine Components\IPT;C:\Program Files (x86)\Intel\Intel(R) Management Engine Components\DAL;C:\Program Files (x86)\Intel\Intel(R) Management Engine Components\IPT;C:\Bharath_Softwares\NodeJs\Node_Installation\;C:\Bharath_Softwares\vscode\Installation\bin;C:\Bharath_Softwares\Git\Installation\bin;C:\Bharath_Softwares\jenkins\jenkins_home;C:\Users\ab40286\AppData\Local\Microsoft\WindowsApps;C:\Users\ab40286\AppData\Roaming\npm;C:\Bharath_Softwares\Git\Installation\cmd;C:\Bharath_Softwares\Git\Installation\bin;;C:\Bharath_Backup\Bharath_Workspaces\IDE\eclipse;;."/>
    <property name="java.specification.name" value="Java Platform API Specification"/>
    <property name="java.class.version" value="52.0"/>
    <property name="sun.management.compiler" value="HotSpot 64-Bit Tiered Compilers"/>
    <property name="os.version" value="10.0"/>
    <property name="user.home" value="C:\Users\ab40286"/>
    <property name="user.timezone" value="Asia/Calcutta"/>
    <property name="java.awt.printerjob" value="sun.awt.windows.WPrinterJob"/>
    <property name="java.specification.version" value="1.8"/>
    <property name="file.encoding" value="Cp1252"/>
    <property name="user.name" value="AB40286"/>
    <property name="java.class.path" value="/C:/Bharath_Backup/Bharath_Workspaces/IDE/eclipse/plugins/org.eclipse.m2e.maven.runtime_1.7.0.20160603-1931/jars/plexus-classworlds-2.5.2.jar"/>
    <property name="java.vm.specification.version" value="1.8"/>
    <property name="sun.arch.data.model" value="64"/>
    <property name="java.home" value="C:\Projects\EPWF\java\jdk1.8.0_60\jre"/>
    <property name="sun.java.command" value="org.codehaus.plexus.classworlds.launcher.Launcher -B clean package"/>
    <property name="java.specification.vendor" value="Oracle Corporation"/>
    <property name="user.language" value="en"/>
    <property name="awt.toolkit" value="sun.awt.windows.WToolkit"/>
    <property name="java.vm.info" value="mixed mode"/>
    <property name="java.version" value="1.8.0_60"/>
    <property name="java.ext.dirs" value="C:\Projects\EPWF\java\jdk1.8.0_60\jre\lib\ext;C:\WINDOWS\Sun\Java\lib\ext"/>
    <property name="sun.boot.class.path" value="C:\Projects\EPWF\java\jdk1.8.0_60\jre\lib\resources.jar;C:\Projects\EPWF\java\jdk1.8.0_60\jre\lib\rt.jar;C:\Projects\EPWF\java\jdk1.8.0_60\jre\lib\sunrsasign.jar;C:\Projects\EPWF\java\jdk1.8.0_60\jre\lib\jsse.jar;C:\Projects\EPWF\java\jdk1.8.0_60\jre\lib\jce.jar;C:\Projects\EPWF\java\jdk1.8.0_60\jre\lib\charsets.jar;C:\Projects\EPWF\java\jdk1.8.0_60\jre\lib\jfr.jar;C:\Projects\EPWF\java\jdk1.8.0_60\jre\classes"/>
    <property name="java.vendor" value="Oracle Corporation"/>
    <property name="maven.home" value="C:\Bharath_Workspaces\Jenkins_Plugin\workspaces\ContinuousDelivery\EMBEDDED"/>
    <property name="file.separator" value="\"/>
    <property name="java.vendor.url.bug" value="http://bugreport.sun.com/bugreport/"/>
    <property name="sun.cpu.endian" value="little"/>
    <property name="sun.io.unicode.encoding" value="UnicodeLittle"/>
    <property name="sun.desktop" value="windows"/>
    <property name="sun.cpu.isalist" value="amd64"/>
  </properties>
  <testcase name="com\ctl\ci\stapler\recorder\ContinuousDeliveryRecorder\config.jelly" classname="org.jvnet.hudson.test.JellyTestSuiteBuilder$JellyCheck" time="1.216"/>
  <testcase name="testCliSanity" classname="org.jvnet.hudson.test.PluginAutomaticTestBuilder$OtherTests" time="0.02"/>
  <testcase name="testPluginActive" classname="org.jvnet.hudson.test.PluginAutomaticTestBuilder$OtherTests" time="0"/>
  <testcase name="org.jvnet.hudson.test.JellyTestSuiteBuilder$JellyTestSuite" classname="org.jvnet.hudson.test.junit.FailedTest" time="0"/>
  <testcase name="properties\application.properties" classname="org.jvnet.hudson.test.PropertiesTestSuite$PropertiesTest" time="0.002"/>
  <testcase name="properties\dao.properties" classname="org.jvnet.hudson.test.PropertiesTestSuite$PropertiesTest" time="0.002"/>
  <testcase name="com\ctl\ci\properties\application.properties" classname="org.jvnet.hudson.test.PropertiesTestSuite$PropertiesTest" time="0.002"/>
  <testcase name="com\ctl\ci\properties\dao.properties" classname="org.jvnet.hudson.test.PropertiesTestSuite$PropertiesTest" time="0.002"/>
</testsuite>